# JRE version: Java(TM) SE Runtime Environment (8.0_05-b13) (build 1.8.0_05-b13)
# Java VM: Java HotSpot(TM) 64-Bit Server VM (25.5-b02 mixed mode windows-amd64 compressed oops)
Heap:
 def new generation   total 1152K, used 1126K [0x00000000a2400000, 0x00000000a2540000, 0x00000000c1800000)
  eden space 1024K,  98% used [0x00000000a2400000, 0x00000000a2500000, 0x00000000a2500000)
  from space 128K,  96% used [0x00000000a2500000, 0x00000000a251ed18, 0x00000000a2520000)
  to   space 128K,   0% used [0x00000000a2520000, 0x00000000a2520000, 0x00000000a2540000)
 tenured generation   total 1024000K, used 33013K [0x00000000c1800000, 0x0000000100000000, 0x0000000100000000)
   the space 1024000K,   3% used [0x00000000c1800000, 0x00000000c383d538, 0x00000000c383d600, 0x0000000100000000)
 Metaspace       used 12549K, capacity 12870K, committed 13056K, reserved 1060864K
  class space    used 1433K, capacity 1489K, committed 1536K, reserved 1048576K
GC Heap History (10 events):
Event: 1.282 GC heap before
{Heap before GC invocations=420 (full 0):
 def new generation   total 1152K, used 1151K [0x00000000a2400000, 0x00000000a2540000, 0x00000000c1800000)
  eden space 1024K, 100% used [0x00000000a2400000, 0x00000000a2500000, 0x00000000a2500000)
  from space 128K,  99% used [0x00000000a2500000, 0x00000000a251fff8, 0x00000000a2520000)
  to   space 128K,   0% used [0x00000000a2520000, 0x00000000a2520000, 0x00000000a2540000)
 tenured generation   total 1024000K, used 32500K [0x00000000c1800000, 0x0000000100000000, 0x0000000100000000)
   the space 1024000K,   3% used [0x00000000c1800000, 0x00000000c37bd338, 0x00000000c37bd400, 0x0000000100000000)
 Metaspace       used 12547K, capacity 12870K, committed 13056K, reserved 1060864K
  class space    used 1433K, capacity 1489K, committed 1536K, reserved 1048576K
Event: 1.282 GC heap after
Heap after GC invocations=421 (full 0):
 def new generation   total 1152K, used 62K [0x00000000a2400000, 0x00000000a2540000, 0x00000000c1800000)
  eden space 1024K,   0% used [0x00000000a2400000, 0x00000000a2400000, 0x00000000a2500000)
  from space 128K,  48% used [0x00000000a2520000, 0x00000000a252fac8, 0x00000000a2540000)
  to   space 128K,   0% used [0x00000000a2500000, 0x00000000a2500000, 0x00000000a2520000)
 tenured generation   total 1024000K, used 32612K [0x00000000c1800000, 0x0000000100000000, 0x0000000100000000)
   the space 1024000K,   3% used [0x00000000c1800000, 0x00000000c37d9018, 0x00000000c37d9200, 0x0000000100000000)
 Metaspace       used 12547K, capacity 12870K, committed 13056K, reserved 1060864K
  class space    used 1433K, capacity 1489K, committed 1536K, reserved 1048576K
}
Event: 1.283 GC heap before
{Heap before GC invocations=421 (full 0):
 def new generation   total 1152K, used 1086K [0x00000000a2400000, 0x00000000a2540000, 0x00000000c1800000)
  eden space 1024K, 100% used [0x00000000a2400000, 0x00000000a2500000, 0x00000000a2500000)
  from space 128K,  48% used [0x00000000a2520000, 0x00000000a252fac8, 0x00000000a2540000)
  to   space 128K,   0% used [0x00000000a2500000, 0x00000000a2500000, 0x00000000a2520000)
 tenured generation   total 1024000K, used 32612K [0x00000000c1800000, 0x0000000100000000, 0x0000000100000000)
   the space 1024000K,   3% used [0x00000000c1800000, 0x00000000c37d9018, 0x00000000c37d9200, 0x0000000100000000)
 Metaspace       used 12547K, capacity 12870K, committed 13056K, reserved 1060864K
  class space    used 1433K, capacity 1489K, committed 1536K, reserved 1048576K
Event: 1.284 GC heap after
Heap after GC invocations=422 (full 0):
 def new generation   total 1152K, used 127K [0x00000000a2400000, 0x00000000a2540000, 0x00000000c1800000)
  eden space 1024K,   0% used [0x00000000a2400000, 0x00000000a2400000, 0x00000000a2500000)
  from space 128K,  99% used [0x00000000a2500000, 0x00000000a251fff8, 0x00000000a2520000)
  to   space 128K,   0% used [0x00000000a2520000, 0x00000000a2520000, 0x00000000a2540000)
 tenured generation   total 1024000K, used 32636K [0x00000000c1800000, 0x0000000100000000, 0x0000000100000000)
   the space 1024000K,   3% used [0x00000000c1800000, 0x00000000c37df1b8, 0x00000000c37df200, 0x0000000100000000)
 Metaspace       used 12547K, capacity 12870K, committed 13056K, reserved 1060864K
  class space    used 1433K, capacity 1489K, committed 1536K, reserved 1048576K
}
Event: 1.285 GC heap before
{Heap before GC invocations=422 (full 0):
 def new generation   total 1152K, used 1151K [0x00000000a2400000, 0x00000000a2540000, 0x00000000c1800000)
  eden space 1024K, 100% used [0x00000000a2400000, 0x00000000a2500000, 0x00000000a2500000)
  from space 128K,  99% used [0x00000000a2500000, 0x00000000a251fff8, 0x00000000a2520000)
  to   space 128K,   0% used [0x00000000a2520000, 0x00000000a2520000, 0x00000000a2540000)
 tenured generation   total 1024000K, used 32636K [0x00000000c1800000, 0x0000000100000000, 0x0000000100000000)
   the space 1024000K,   3% used [0x00000000c1800000, 0x00000000c37df1b8, 0x00000000c37df200, 0x0000000100000000)
 Metaspace       used 12547K, capacity 12870K, committed 13056K, reserved 1060864K
  class space    used 1433K, capacity 1489K, committed 1536K, reserved 1048576K
Event: 1.286 GC heap after
Heap after GC invocations=423 (full 0):
 def new generation   total 1152K, used 119K [0x00000000a2400000, 0x00000000a2540000, 0x00000000c1800000)
  eden space 1024K,   0% used [0x00000000a2400000, 0x00000000a2400000, 0x00000000a2500000)
  from space 128K,  93% used [0x00000000a2520000, 0x00000000a253dd28, 0x00000000a2540000)
  to   space 128K,   0% used [0x00000000a2500000, 0x00000000a2500000, 0x00000000a2520000)
 tenured generation   total 1024000K, used 32720K [0x00000000c1800000, 0x0000000100000000, 0x0000000100000000)
   the space 1024000K,   3% used [0x00000000c1800000, 0x00000000c37f4088, 0x00000000c37f4200, 0x0000000100000000)
 Metaspace       used 12547K, capacity 12870K, committed 13056K, reserved 1060864K
  class space    used 1433K, capacity 1489K, committed 1536K, reserved 1048576K
}
Event: 1.287 GC heap before
{Heap before GC invocations=423 (full 0):
 def new generation   total 1152K, used 1143K [0x00000000a2400000, 0x00000000a2540000, 0x00000000c1800000)
  eden space 1024K, 100% used [0x00000000a2400000, 0x00000000a2500000, 0x00000000a2500000)
  from space 128K,  93% used [0x00000000a2520000, 0x00000000a253dd28, 0x00000000a2540000)
  to   space 128K,   0% used [0x00000000a2500000, 0x00000000a2500000, 0x00000000a2520000)
 tenured generation   total 1024000K, used 32720K [0x00000000c1800000, 0x0000000100000000, 0x0000000100000000)
   the space 1024000K,   3% used [0x00000000c1800000, 0x00000000c37f4088, 0x00000000c37f4200, 0x0000000100000000)
 Metaspace       used 12547K, capacity 12870K, committed 13056K, reserved 1060864K
  class space    used 1433K, capacity 1489K, committed 1536K, reserved 1048576K
Event: 1.287 GC heap after
Heap after GC invocations=424 (full 0):
 def new generation   total 1152K, used 70K [0x00000000a2400000, 0x00000000a2540000, 0x00000000c1800000)
  eden space 1024K,   0% used [0x00000000a2400000, 0x00000000a2400000, 0x00000000a2500000)
  from space 128K,  55% used [0x00000000a2500000, 0x00000000a2511b10, 0x00000000a2520000)
  to   space 128K,   0% used [0x00000000a2520000, 0x00000000a2520000, 0x00000000a2540000)
 tenured generation   total 1024000K, used 32786K [0x00000000c1800000, 0x0000000100000000, 0x0000000100000000)
   the space 1024000K,   3% used [0x00000000c1800000, 0x00000000c3804be0, 0x00000000c3804c00, 0x0000000100000000)
 Metaspace       used 12547K, capacity 12870K, committed 13056K, reserved 1060864K
  class space    used 1433K, capacity 1489K, committed 1536K, reserved 1048576K
}
Event: 1.289 GC heap before
{Heap before GC invocations=424 (full 0):
 def new generation   total 1152K, used 1094K [0x00000000a2400000, 0x00000000a2540000, 0x00000000c1800000)
  eden space 1024K, 100% used [0x00000000a2400000, 0x00000000a2500000, 0x00000000a2500000)
  from space 128K,  55% used [0x00000000a2500000, 0x00000000a2511b10, 0x00000000a2520000)
  to   space 128K,   0% used [0x00000000a2520000, 0x00000000a2520000, 0x00000000a2540000)
 tenured generation   total 1024000K, used 32786K [0x00000000c1800000, 0x0000000100000000, 0x0000000100000000)
   the space 1024000K,   3% used [0x00000000c1800000, 0x00000000c3804be0, 0x00000000c3804c00, 0x0000000100000000)
 Metaspace       used 12547K, capacity 12870K, committed 13056K, reserved 1060864K
  class space    used 1433K, capacity 1489K, committed 1536K, reserved 1048576K
Event: 1.289 GC heap after
Heap after GC invocations=425 (full 0):
 def new generation   total 1152K, used 128K [0x00000000a2400000, 0x00000000a2540000, 0x00000000c1800000)
  eden space 1024K,   0% used [0x00000000a2400000, 0x00000000a2400000, 0x00000000a2500000)
  from space 128K, 100% used [0x00000000a2520000, 0x00000000a2540000, 0x00000000a2540000)
  to   space 128K,   0% used [0x00000000a2500000, 0x00000000a2500000, 0x00000000a2520000)
 tenured generation   total 1024000K, used 32834K [0x00000000c1800000, 0x0000000100000000, 0x0000000100000000)
   the space 1024000K,   3% used [0x00000000c1800000, 0x00000000c38109a0, 0x00000000c3810a00, 0x0000000100000000)
 Metaspace       used 12547K, capacity 12870K, committed 13056K, reserved 1060864K
  class space    used 1433K, capacity 1489K, committed 1536K, reserved 1048576K
}

