# JRE version: Java(TM) SE Runtime Environment (8.0_05-b13) (build 1.8.0_05-b13)
# Java VM: Java HotSpot(TM) 64-Bit Server VM (25.5-b02 mixed mode windows-amd64 compressed oops)
Heap:
 def new generation   total 1152K, used 989K [0x00000000a2400000, 0x00000000a2540000, 0x00000000c1800000)
  eden space 1024K,  86% used [0x00000000a2400000, 0x00000000a24dc738, 0x00000000a2500000)
  from space 128K, 100% used [0x00000000a2500000, 0x00000000a2520000, 0x00000000a2520000)
  to   space 128K,   0% used [0x00000000a2520000, 0x00000000a2520000, 0x00000000a2540000)
 tenured generation   total 1024000K, used 49240K [0x00000000c1800000, 0x0000000100000000, 0x0000000100000000)
   the space 1024000K,   4% used [0x00000000c1800000, 0x00000000c4816218, 0x00000000c4816400, 0x0000000100000000)
 Metaspace       used 13280K, capacity 13612K, committed 13696K, reserved 1060864K
  class space    used 1498K, capacity 1586K, committed 1664K, reserved 1048576K
GC Heap History (10 events):
Event: 1.541 GC heap before
{Heap before GC invocations=538 (full 0):
 def new generation   total 1152K, used 1151K [0x00000000a2400000, 0x00000000a2540000, 0x00000000c1800000)
  eden space 1024K, 100% used [0x00000000a2400000, 0x00000000a2500000, 0x00000000a2500000)
  from space 128K,  99% used [0x00000000a2500000, 0x00000000a251fff8, 0x00000000a2520000)
  to   space 128K,   0% used [0x00000000a2520000, 0x00000000a2520000, 0x00000000a2540000)
 tenured generation   total 1024000K, used 48751K [0x00000000c1800000, 0x0000000100000000, 0x0000000100000000)
   the space 1024000K,   4% used [0x00000000c1800000, 0x00000000c479be08, 0x00000000c479c000, 0x0000000100000000)
 Metaspace       used 13279K, capacity 13612K, committed 13696K, reserved 1060864K
  class space    used 1498K, capacity 1586K, committed 1664K, reserved 1048576K
Event: 1.542 GC heap after
Heap after GC invocations=539 (full 0):
 def new generation   total 1152K, used 115K [0x00000000a2400000, 0x00000000a2540000, 0x00000000c1800000)
  eden space 1024K,   0% used [0x00000000a2400000, 0x00000000a2400000, 0x00000000a2500000)
  from space 128K,  90% used [0x00000000a2520000, 0x00000000a253ce20, 0x00000000a2540000)
  to   space 128K,   0% used [0x00000000a2500000, 0x00000000a2500000, 0x00000000a2520000)
 tenured generation   total 1024000K, used 48833K [0x00000000c1800000, 0x0000000100000000, 0x0000000100000000)
   the space 1024000K,   4% used [0x00000000c1800000, 0x00000000c47b0590, 0x00000000c47b0600, 0x0000000100000000)
 Metaspace       used 13279K, capacity 13612K, committed 13696K, reserved 1060864K
  class space    used 1498K, capacity 1586K, committed 1664K, reserved 1048576K
}
Event: 1.543 GC heap before
{Heap before GC invocations=539 (full 0):
 def new generation   total 1152K, used 1139K [0x00000000a2400000, 0x00000000a2540000, 0x00000000c1800000)
  eden space 1024K, 100% used [0x00000000a2400000, 0x00000000a2500000, 0x00000000a2500000)
  from space 128K,  90% used [0x00000000a2520000, 0x00000000a253ce20, 0x00000000a2540000)
  to   space 128K,   0% used [0x00000000a2500000, 0x00000000a2500000, 0x00000000a2520000)
 tenured generation   total 1024000K, used 48833K [0x00000000c1800000, 0x0000000100000000, 0x0000000100000000)
   the space 1024000K,   4% used [0x00000000c1800000, 0x00000000c47b0590, 0x00000000c47b0600, 0x0000000100000000)
 Metaspace       used 13279K, capacity 13612K, committed 13696K, reserved 1060864K
  class space    used 1498K, capacity 1586K, committed 1664K, reserved 1048576K
Event: 1.543 GC heap after
Heap after GC invocations=540 (full 0):
 def new generation   total 1152K, used 78K [0x00000000a2400000, 0x00000000a2540000, 0x00000000c1800000)
  eden space 1024K,   0% used [0x00000000a2400000, 0x00000000a2400000, 0x00000000a2500000)
  from space 128K,  61% used [0x00000000a2500000, 0x00000000a25139e8, 0x00000000a2520000)
  to   space 128K,   0% used [0x00000000a2520000, 0x00000000a2520000, 0x00000000a2540000)
 tenured generation   total 1024000K, used 48890K [0x00000000c1800000, 0x0000000100000000, 0x0000000100000000)
   the space 1024000K,   4% used [0x00000000c1800000, 0x00000000c47be888, 0x00000000c47bea00, 0x0000000100000000)
 Metaspace       used 13279K, capacity 13612K, committed 13696K, reserved 1060864K
  class space    used 1498K, capacity 1586K, committed 1664K, reserved 1048576K
}
Event: 1.545 GC heap before
{Heap before GC invocations=540 (full 0):
 def new generation   total 1152K, used 1102K [0x00000000a2400000, 0x00000000a2540000, 0x00000000c1800000)
  eden space 1024K, 100% used [0x00000000a2400000, 0x00000000a2500000, 0x00000000a2500000)
  from space 128K,  61% used [0x00000000a2500000, 0x00000000a25139e8, 0x00000000a2520000)
  to   space 128K,   0% used [0x00000000a2520000, 0x00000000a2520000, 0x00000000a2540000)
 tenured generation   total 1024000K, used 48890K [0x00000000c1800000, 0x0000000100000000, 0x0000000100000000)
   the space 1024000K,   4% used [0x00000000c1800000, 0x00000000c47be888, 0x00000000c47bea00, 0x0000000100000000)
 Metaspace       used 13279K, capacity 13612K, committed 13696K, reserved 1060864K
  class space    used 1498K, capacity 1586K, committed 1664K, reserved 1048576K
Event: 1.545 GC heap after
Heap after GC invocations=541 (full 0):
 def new generation   total 1152K, used 128K [0x00000000a2400000, 0x00000000a2540000, 0x00000000c1800000)
  eden space 1024K,   0% used [0x00000000a2400000, 0x00000000a2400000, 0x00000000a2500000)
  from space 128K, 100% used [0x00000000a2520000, 0x00000000a2540000, 0x00000000a2540000)
  to   space 128K,   0% used [0x00000000a2500000, 0x00000000a2500000, 0x00000000a2520000)
 tenured generation   total 1024000K, used 48947K [0x00000000c1800000, 0x0000000100000000, 0x0000000100000000)
   the space 1024000K,   4% used [0x00000000c1800000, 0x00000000c47ccfd8, 0x00000000c47cd000, 0x0000000100000000)
 Metaspace       used 13279K, capacity 13612K, committed 13696K, reserved 1060864K
  class space    used 1498K, capacity 1586K, committed 1664K, reserved 1048576K
}
Event: 1.546 GC heap before
{Heap before GC invocations=541 (full 0):
 def new generation   total 1152K, used 1152K [0x00000000a2400000, 0x00000000a2540000, 0x00000000c1800000)
  eden space 1024K, 100% used [0x00000000a2400000, 0x00000000a2500000, 0x00000000a2500000)
  from space 128K, 100% used [0x00000000a2520000, 0x00000000a2540000, 0x00000000a2540000)
  to   space 128K,   0% used [0x00000000a2500000, 0x00000000a2500000, 0x00000000a2520000)
 tenured generation   total 1024000K, used 48947K [0x00000000c1800000, 0x0000000100000000, 0x0000000100000000)
   the space 1024000K,   4% used [0x00000000c1800000, 0x00000000c47ccfd8, 0x00000000c47cd000, 0x0000000100000000)
 Metaspace       used 13279K, capacity 13612K, committed 13696K, reserved 1060864K
  class space    used 1498K, capacity 1586K, committed 1664K, reserved 1048576K
Event: 1.547 GC heap after
Heap after GC invocations=542 (full 0):
 def new generation   total 1152K, used 57K [0x00000000a2400000, 0x00000000a2540000, 0x00000000c1800000)
  eden space 1024K,   0% used [0x00000000a2400000, 0x00000000a2400000, 0x00000000a2500000)
  from space 128K,  45% used [0x00000000a2500000, 0x00000000a250e790, 0x00000000a2520000)
  to   space 128K,   0% used [0x00000000a2520000, 0x00000000a2520000, 0x00000000a2540000)
 tenured generation   total 1024000K, used 49031K [0x00000000c1800000, 0x0000000100000000, 0x0000000100000000)
   the space 1024000K,   4% used [0x00000000c1800000, 0x00000000c47e1c98, 0x00000000c47e1e00, 0x0000000100000000)
 Metaspace       used 13279K, capacity 13612K, committed 13696K, reserved 1060864K
  class space    used 1498K, capacity 1586K, committed 1664K, reserved 1048576K
}
Event: 1.548 GC heap before
{Heap before GC invocations=542 (full 0):
 def new generation   total 1152K, used 1081K [0x00000000a2400000, 0x00000000a2540000, 0x00000000c1800000)
  eden space 1024K, 100% used [0x00000000a2400000, 0x00000000a2500000, 0x00000000a2500000)
  from space 128K,  45% used [0x00000000a2500000, 0x00000000a250e790, 0x00000000a2520000)
  to   space 128K,   0% used [0x00000000a2520000, 0x00000000a2520000, 0x00000000a2540000)
 tenured generation   total 1024000K, used 49031K [0x00000000c1800000, 0x0000000100000000, 0x0000000100000000)
   the space 1024000K,   4% used [0x00000000c1800000, 0x00000000c47e1c98, 0x00000000c47e1e00, 0x0000000100000000)
 Metaspace       used 13280K, capacity 13612K, committed 13696K, reserved 1060864K
  class space    used 1498K, capacity 1586K, committed 1664K, reserved 1048576K
Event: 1.548 GC heap after
Heap after GC invocations=543 (full 0):
 def new generation   total 1152K, used 128K [0x00000000a2400000, 0x00000000a2540000, 0x00000000c1800000)
  eden space 1024K,   0% used [0x00000000a2400000, 0x00000000a2400000, 0x00000000a2500000)
  from space 128K, 100% used [0x00000000a2520000, 0x00000000a2540000, 0x00000000a2540000)
  to   space 128K,   0% used [0x00000000a2500000, 0x00000000a2500000, 0x00000000a2520000)
 tenured generation   total 1024000K, used 49048K [0x00000000c1800000, 0x0000000100000000, 0x0000000100000000)
   the space 1024000K,   4% used [0x00000000c1800000, 0x00000000c47e60e0, 0x00000000c47e6200, 0x0000000100000000)
 Metaspace       used 13280K, capacity 13612K, committed 13696K, reserved 1060864K
  class space    used 1498K, capacity 1586K, committed 1664K, reserved 1048576K
}

